<?xml version="1.0" encoding="UTF-8"?>
<!-- Generated by org.testng.reporters.JUnitXMLReporter -->
<testsuite ignored="0" hostname="user-pc" failures="3" tests="9" name="Command line test" time="0.057" errors="0" timestamp="2022-05-10T14:27:48 MSK">
  <testcase classname="PersonTest" name="testIsTeenager" time="0.01">
    <failure type="java.lang.AssertionError" message="Age = 5 expected [false] but found [true]">
      <![CDATA[java.lang.AssertionError: Age = 5 expected [false] but found [true]
at PersonTest.testIsTeenager(PersonTest.java:24)
at java.base/java.util.ArrayList.forEach(ArrayList.java:1511)
... Removed 41 stack frames]]>
    </failure>
  </testcase> <!-- testIsTeenager -->
  <testcase classname="PersonTest" name="testIsTeenager" time="0.0">
    <failure type="java.lang.AssertionError" message="Age = 12 expected [false] but found [true]">
      <![CDATA[java.lang.AssertionError: Age = 12 expected [false] but found [true]
at PersonTest.testIsTeenager(PersonTest.java:24)
at java.base/java.util.ArrayList.forEach(ArrayList.java:1511)
... Removed 41 stack frames]]>
    </failure>
  </testcase> <!-- testIsTeenager -->
  <testcase classname="PersonTest" name="testIsTeenager" time="0.001"/>
  <testcase classname="PersonTest" name="testIsTeenager" time="0.0"/>
  <testcase classname="PersonTest" name="testIsTeenager" time="0.0"/>
  <testcase classname="PersonTest" name="testIsTeenager" time="0.0"/>
  <testcase classname="PersonTest" name="testIsTeenager" time="0.0">
    <failure type="java.lang.AssertionError" message="Age = 19 expected [true] but found [false]">
      <![CDATA[java.lang.AssertionError: Age = 19 expected [true] but found [false]
at PersonTest.testIsTeenager(PersonTest.java:24)
at java.base/java.util.ArrayList.forEach(ArrayList.java:1511)
... Removed 41 stack frames]]>
    </failure>
  </testcase> <!-- testIsTeenager -->
  <testcase classname="PersonTest" name="testIsTeenager" time="0.0"/>
  <testcase classname="PersonTest" name="testIsTeenager" time="0.0"/>
</testsuite> <!-- Command line test -->
