<?xml version="1.0" encoding="UTF-8" ?>
<testsuite tests="9" failures="3" name="PersonTest" time="0.018" errors="0" skipped="0">
  <properties>
[...]
</properties>
  <testcase classname="PersonTest" name="testIsTeenager" time="0.016">
    <failure message="Age = 5 expected [false] but found [true]" type="java.lang.AssertionError">java.lang.AssertionError: Age = 5 expected [false] but found [true]
	at org.testng.Assert.fail(Assert.java:99)
	at org.testng.Assert.failNotEquals(Assert.java:1037)
	at org.testng.Assert.assertEqualsImpl(Assert.java:140)
	at org.testng.Assert.assertEquals(Assert.java:122)
	at org.testng.Assert.assertEquals(Assert.java:819)
	at PersonTest.testIsTeenager(PersonTest.java:24)
</failure>
    <system-out>Configuring TestNG with: org.apache.maven.surefire.testng.conf.TestNG652Configurator@18e8568
</system-out>
  </testcase>
  <testcase classname="PersonTest" name="testIsTeenager" time="0">
    <failure message="Age = 12 expected [false] but found [true]" type="java.lang.AssertionError">java.lang.AssertionError: Age = 12 expected [false] but found [true]
	at org.testng.Assert.fail(Assert.java:99)
	at org.testng.Assert.failNotEquals(Assert.java:1037)
	at org.testng.Assert.assertEqualsImpl(Assert.java:140)
	at org.testng.Assert.assertEquals(Assert.java:122)
	at org.testng.Assert.assertEquals(Assert.java:819)
	at PersonTest.testIsTeenager(PersonTest.java:24)
</failure>
  </testcase>
  <testcase classname="PersonTest" name="testIsTeenager" time="0"/>
  <testcase classname="PersonTest" name="testIsTeenager" time="0"/>
  <testcase classname="PersonTest" name="testIsTeenager" time="0"/>
  <testcase classname="PersonTest" name="testIsTeenager" time="0.001"/>
  <testcase classname="PersonTest" name="testIsTeenager" time="0.001">
    <failure message="Age = 19 expected [true] but found [false]" type="java.lang.AssertionError">java.lang.AssertionError: Age = 19 expected [true] but found [false]
	at org.testng.Assert.fail(Assert.java:99)
	at org.testng.Assert.failNotEquals(Assert.java:1037)
	at org.testng.Assert.assertEqualsImpl(Assert.java:140)
	at org.testng.Assert.assertEquals(Assert.java:122)
	at org.testng.Assert.assertEquals(Assert.java:819)
	at PersonTest.testIsTeenager(PersonTest.java:24)
</failure>
  </testcase>
  <testcase classname="PersonTest" name="testIsTeenager" time="0"/>
  <testcase classname="PersonTest" name="testIsTeenager" time="0"/>
</testsuite>